2019-08-10 15:08:14 INFO  C:\Users\Matt\OneDrive\Dropbox-Overflow\Programming\C\i8080\src\i8080_util.c:80: Init: memory allocated
2019-08-10 15:08:14 DEBUG C:\Users\Matt\OneDrive\Dropbox-Overflow\Programming\C\i8080\src\i8080Emu.c:54: Got argument # 13
2019-08-10 15:08:14 DEBUG C:\Users\Matt\OneDrive\Dropbox-Overflow\Programming\C\i8080\src\i8080Emu.c:57: Argument 'i8080.exe' at index 0
2019-08-10 15:08:14 DEBUG C:\Users\Matt\OneDrive\Dropbox-Overflow\Programming\C\i8080\src\i8080Emu.c:57: Argument '-l' at index 1
2019-08-10 15:08:14 INFO  C:\Users\Matt\OneDrive\Dropbox-Overflow\Programming\C\i8080\src\i8080Emu.c:67: Loading file 'invaders.h' into memory index 0
2019-08-10 15:08:14 DEBUG C:\Users\Matt\OneDrive\Dropbox-Overflow\Programming\C\i8080\src\i8080_util.c:39: Opened file invaders.h
2019-08-10 15:08:14 DEBUG C:\Users\Matt\OneDrive\Dropbox-Overflow\Programming\C\i8080\src\i8080_util.c:46: Size of file: 2048
2019-08-10 15:08:14 DEBUG C:\Users\Matt\OneDrive\Dropbox-Overflow\Programming\C\i8080\src\i8080_util.c:59: Read file
2019-08-10 15:08:14 DEBUG C:\Users\Matt\OneDrive\Dropbox-Overflow\Programming\C\i8080\src\i8080Emu.c:57: Argument 'invaders.h' at index 2
2019-08-10 15:08:14 DEBUG C:\Users\Matt\OneDrive\Dropbox-Overflow\Programming\C\i8080\src\i8080Emu.c:57: Argument '0' at index 3
2019-08-10 15:08:14 DEBUG C:\Users\Matt\OneDrive\Dropbox-Overflow\Programming\C\i8080\src\i8080Emu.c:57: Argument '-l' at index 4
2019-08-10 15:08:14 INFO  C:\Users\Matt\OneDrive\Dropbox-Overflow\Programming\C\i8080\src\i8080Emu.c:67: Loading file 'invaders.g' into memory index 2048
2019-08-10 15:08:14 DEBUG C:\Users\Matt\OneDrive\Dropbox-Overflow\Programming\C\i8080\src\i8080_util.c:39: Opened file invaders.g
2019-08-10 15:08:14 DEBUG C:\Users\Matt\OneDrive\Dropbox-Overflow\Programming\C\i8080\src\i8080_util.c:46: Size of file: 2048
2019-08-10 15:08:14 DEBUG C:\Users\Matt\OneDrive\Dropbox-Overflow\Programming\C\i8080\src\i8080_util.c:59: Read file
2019-08-10 15:08:14 DEBUG C:\Users\Matt\OneDrive\Dropbox-Overflow\Programming\C\i8080\src\i8080Emu.c:57: Argument 'invaders.g' at index 5
2019-08-10 15:08:14 DEBUG C:\Users\Matt\OneDrive\Dropbox-Overflow\Programming\C\i8080\src\i8080Emu.c:57: Argument '2048' at index 6
2019-08-10 15:08:14 DEBUG C:\Users\Matt\OneDrive\Dropbox-Overflow\Programming\C\i8080\src\i8080Emu.c:57: Argument '-l' at index 7
2019-08-10 15:08:14 INFO  C:\Users\Matt\OneDrive\Dropbox-Overflow\Programming\C\i8080\src\i8080Emu.c:67: Loading file 'invaders.f' into memory index 4096
2019-08-10 15:08:14 DEBUG C:\Users\Matt\OneDrive\Dropbox-Overflow\Programming\C\i8080\src\i8080_util.c:39: Opened file invaders.f
2019-08-10 15:08:14 DEBUG C:\Users\Matt\OneDrive\Dropbox-Overflow\Programming\C\i8080\src\i8080_util.c:46: Size of file: 2048
2019-08-10 15:08:14 DEBUG C:\Users\Matt\OneDrive\Dropbox-Overflow\Programming\C\i8080\src\i8080_util.c:59: Read file
2019-08-10 15:08:14 DEBUG C:\Users\Matt\OneDrive\Dropbox-Overflow\Programming\C\i8080\src\i8080Emu.c:57: Argument 'invaders.f' at index 8
2019-08-10 15:08:14 DEBUG C:\Users\Matt\OneDrive\Dropbox-Overflow\Programming\C\i8080\src\i8080Emu.c:57: Argument '4096' at index 9
2019-08-10 15:08:14 DEBUG C:\Users\Matt\OneDrive\Dropbox-Overflow\Programming\C\i8080\src\i8080Emu.c:57: Argument '-l' at index 10
2019-08-10 15:08:14 INFO  C:\Users\Matt\OneDrive\Dropbox-Overflow\Programming\C\i8080\src\i8080Emu.c:67: Loading file 'invaders.e' into memory index 6144
2019-08-10 15:08:14 DEBUG C:\Users\Matt\OneDrive\Dropbox-Overflow\Programming\C\i8080\src\i8080_util.c:39: Opened file invaders.e
2019-08-10 15:08:14 DEBUG C:\Users\Matt\OneDrive\Dropbox-Overflow\Programming\C\i8080\src\i8080_util.c:46: Size of file: 2048
2019-08-10 15:08:14 DEBUG C:\Users\Matt\OneDrive\Dropbox-Overflow\Programming\C\i8080\src\i8080_util.c:59: Read file
2019-08-10 15:08:14 DEBUG C:\Users\Matt\OneDrive\Dropbox-Overflow\Programming\C\i8080\src\i8080Emu.c:57: Argument 'invaders.e' at index 11
2019-08-10 15:08:14 DEBUG C:\Users\Matt\OneDrive\Dropbox-Overflow\Programming\C\i8080\src\i8080Emu.c:57: Argument '6144' at index 12
2019-08-10 15:08:14 INFO  C:\Users\Matt\OneDrive\Dropbox-Overflow\Programming\C\i8080\src\i8080Emu.c:105: --- Init graphics ---
2019-08-10 15:08:14 INFO  C:\Users\Matt\OneDrive\Dropbox-Overflow\Programming\C\i8080\src\i8080Emu.c:107: -- Graphics init complete ---
2019-08-10 15:08:17 TRACE C:\Users\Matt\OneDrive\Dropbox-Overflow\Programming\C\i8080\src\i8080.c:72: [0003] JMP(C3) 18D4 (D4 18)
2019-08-10 15:08:20 WARN  C:\Users\Matt\OneDrive\Dropbox-Overflow\Programming\C\i8080\src\i8080.c:90: Unimplemented instruction 31
2019-08-10 15:08:22 WARN  C:\Users\Matt\OneDrive\Dropbox-Overflow\Programming\C\i8080\src\i8080.c:90: Unimplemented instruction 06
2019-08-10 15:08:23 WARN  C:\Users\Matt\OneDrive\Dropbox-Overflow\Programming\C\i8080\src\i8080.c:90: Unimplemented instruction CD
2019-08-10 15:08:27 WARN  C:\Users\Matt\OneDrive\Dropbox-Overflow\Programming\C\i8080\src\i8080.c:90: Unimplemented instruction CD
2019-08-10 15:08:31 WARN  C:\Users\Matt\OneDrive\Dropbox-Overflow\Programming\C\i8080\src\i8080.c:90: Unimplemented instruction 3E
2019-08-10 15:08:32 WARN  C:\Users\Matt\OneDrive\Dropbox-Overflow\Programming\C\i8080\src\i8080.c:90: Unimplemented instruction 32
2019-08-10 15:08:35 TRACE C:\Users\Matt\OneDrive\Dropbox-Overflow\Programming\C\i8080\src\i8080.c:72: [18E4] JMP(C3) 0AEA (EA 0A)
2019-08-10 15:08:37 WARN  C:\Users\Matt\OneDrive\Dropbox-Overflow\Programming\C\i8080\src\i8080.c:90: Unimplemented instruction AF
2019-08-10 15:08:38 WARN  C:\Users\Matt\OneDrive\Dropbox-Overflow\Programming\C\i8080\src\i8080.c:90: Unimplemented instruction D3
2019-08-10 15:08:41 WARN  C:\Users\Matt\OneDrive\Dropbox-Overflow\Programming\C\i8080\src\i8080.c:90: Unimplemented instruction D3
2019-08-10 15:08:43 WARN  C:\Users\Matt\OneDrive\Dropbox-Overflow\Programming\C\i8080\src\i8080.c:90: Unimplemented instruction CD
